
Showing logs for build [32mcb-kubecd-environment-pr-208-57-dhlw7-1[0m stage [32mfrom-build-pack[0m and container [32mstep-credential-initializer-pg2wh[0m
{"level":"info","ts":1587721404.0846655,"logger":"fallback-logger","caller":"logging/config.go:69","msg":"Fetch GitHub commit ID from kodata failed: open /var/run/ko/refs/heads/0.8.0-ns-support: no such file or directory"}
{"level":"info","ts":1587721404.08531,"logger":"fallback-logger","caller":"creds-init/main.go:40","msg":"Credentials initialized."}

Showing logs for build [32mcb-kubecd-environment-pr-208-57-dhlw7-1[0m stage [32mfrom-build-pack[0m and container [32mstep-working-dir-initializer-5d584[0m
{"level":"info","ts":1587721405.1283405,"logger":"fallback-logger","caller":"logging/config.go:69","msg":"Fetch GitHub commit ID from kodata failed: open /var/run/ko/HEAD: no such file or directory"}
{"level":"info","ts":1587721405.1322167,"logger":"fallback-logger","caller":"bash/main.go:64","msg":"Successfully executed command \"sh -c mkdir -p /workspace/source\"; output "}

Showing logs for build [32mcb-kubecd-environment-pr-208-57-dhlw7-1[0m stage [32mfrom-build-pack[0m and container [32mstep-place-tools[0m

Showing logs for build [32mcb-kubecd-environment-pr-208-57-dhlw7-1[0m stage [32mfrom-build-pack[0m and container [32mstep-git-source-cb-kubecd-environment-pr-208-57-dhlw7-mjvwb[0m
{"level":"info","ts":1587721410.3937395,"logger":"fallback-logger","caller":"logging/config.go:69","msg":"Fetch GitHub commit ID from kodata failed: open /var/run/ko/refs/heads/0.8.0-ns-support: no such file or directory"}
{"level":"info","ts":1587721411.517782,"logger":"fallback-logger","caller":"git/git.go:103","msg":"Successfully cloned https://github.com/cb-kubecd/environment-pr-208-57-boot-gke-staging.git @ master in path /workspace/source"}

Showing logs for build [32mcb-kubecd-environment-pr-208-57-dhlw7-1[0m stage [32mfrom-build-pack[0m and container [32mstep-git-merge[0m
Using SHAs from PULL_REFS=master:8782d5e613940b8006ac20629f7dd71d1df5fe6c,5:05e81dce7d070d6533002209f92f9f77b63831f8
DEBUG: LC_ALL=C JX_LOG_LEVEL=error git fetch origin --unshallow 05e81dce7d070d6533002209f92f9f77b63831f8: 8782d5e613940b8006ac20629f7dd71d1df5fe6c:
DEBUG: ran git fetch --unshallow origin 05e81dce7d070d6533002209f92f9f77b63831f8: 8782d5e613940b8006ac20629f7dd71d1df5fe6c: in 
DEBUG: LC_ALL=C JX_LOG_LEVEL=error git branch
DEBUG: LC_ALL=C JX_LOG_LEVEL=error git checkout master
DEBUG: ran git checkout master in 
DEBUG: JX_LOG_LEVEL=error LC_ALL=C git reset --hard 8782d5e613940b8006ac20629f7dd71d1df5fe6c
DEBUG: ran git reset --hard 8782d5e613940b8006ac20629f7dd71d1df5fe6c in 
DEBUG: JX_LOG_LEVEL=error LC_ALL=C git clean -fd .
DEBUG: ran clean --force -d . in 
DEBUG: JX_LOG_LEVEL=error LC_ALL=C git merge 05e81dce7d070d6533002209f92f9f77b63831f8
DEBUG: ran git merge 05e81dce7d070d6533002209f92f9f77b63831f8 in 
DEBUG: LC_ALL=C JX_LOG_LEVEL=error git log --format=%H%x1f%an%x1f%ae%x1f%cn%x1f%ce%x1f%s%n%b%x1e 8782d5e613940b8006ac20629f7dd71d1df5fe6c..HEAD
Merged SHA 05e81dce7d070d6533002209f92f9f77b63831f8 with commit message 'chore: Promote bdd-sbhg-import-1587721036 to version 0.0.1' into base branch master

Showing logs for build [32mcb-kubecd-environment-pr-208-57-dhlw7-1[0m stage [32mfrom-build-pack[0m and container [32mstep-build-helm-build[0m
WARNING: No $CHART_REPOSITORY defined so using the default value of: http://jenkins-x-chartmuseum:8080
Adding missing Helm repo: storage.googleapis.com https://storage.googleapis.com/chartmuseum.jenkins-x.io
WARNING: No secrets found on "helm/repos" due: reading the secret "helm/repos" from vault: no secret "helm/repos" not found in vault
Read credentials for https://storage.googleapis.com/chartmuseum.jenkins-x.io from vault helm/repos
Successfully added Helm repository storage.googleapis.com.
Adding missing Helm repo: jenkins-x-chartmuseum http://jenkins-x-chartmuseum:8080
WARNING: No secrets found on "helm/repos" due: reading the secret "helm/repos" from vault: no secret "helm/repos" not found in vault
Read credentials for http://jenkins-x-chartmuseum:8080 from vault helm/repos
Successfully added Helm repository jenkins-x-chartmuseum.
WARNING: No $CHART_REPOSITORY defined so using the default value of: http://jenkins-x-chartmuseum:8080
Adding missing Helm repo: chartmuseum.jenkins-x.io http://chartmuseum.jenkins-x.io
WARNING: No secrets found on "helm/repos" due: reading the secret "helm/repos" from vault: no secret "helm/repos" not found in vault
Read credentials for http://chartmuseum.jenkins-x.io from vault helm/repos
Successfully added Helm repository chartmuseum.jenkins-x.io.
